0 info it worked if it ends with ok
1 verbose cli [ 'C:\\Program Files\\nodejs\\node.exe',
1 verbose cli   'C:\\Program Files\\nodejs\\node_modules\\npm\\bin\\npm-cli.js',
1 verbose cli   'run',
1 verbose cli   'dev' ]
2 info using npm@3.10.10
3 info using node@v6.11.2
4 verbose run-script [ 'predev', 'dev', 'postdev' ]
5 info lifecycle the-node-skeleton@1.1.0~predev: the-node-skeleton@1.1.0
6 silly lifecycle the-node-skeleton@1.1.0~predev: no script for predev, continuing
7 info lifecycle the-node-skeleton@1.1.0~dev: the-node-skeleton@1.1.0
8 verbose lifecycle the-node-skeleton@1.1.0~dev: unsafe-perm in lifecycle true
9 verbose lifecycle the-node-skeleton@1.1.0~dev: PATH: C:\Program Files\nodejs\node_modules\npm\bin\node-gyp-bin;D:\projects\wonobo\the-node-skeleton\node_modules\.bin;C:\Windows\system32;C:\Windows;C:\Windows\System32\Wbem;C:\Windows\System32\WindowsPowerShell\v1.0\;C:\Program Files (x86)\NVIDIA Corporation\PhysX\Common;C:\Program Files\nodejs\;C:\Program Files\Git\cmd;C:\Program Files\Git\mingw64\bin;C:\Program Files\Git\usr\bin;C:\Program Files\Calibre2\;C:\Users\DELL\AppData\Local\Microsoft\WindowsApps;C:\Users\DELL\AppData\Roaming\npm
10 verbose lifecycle the-node-skeleton@1.1.0~dev: CWD: D:\projects\wonobo\the-node-skeleton
11 silly lifecycle the-node-skeleton@1.1.0~dev: Args: [ '/d /s /c',
11 silly lifecycle   'export NODE_ENV=development && echo \'Node environment set to development\' && nodemon index.js && exit 0' ]
12 silly lifecycle the-node-skeleton@1.1.0~dev: Returned: code: 1  signal: null
13 info lifecycle the-node-skeleton@1.1.0~dev: Failed to exec dev script
14 verbose stack Error: the-node-skeleton@1.1.0 dev: `export NODE_ENV=development && echo 'Node environment set to development' && nodemon index.js && exit 0`
14 verbose stack Exit status 1
14 verbose stack     at EventEmitter.<anonymous> (C:\Program Files\nodejs\node_modules\npm\lib\utils\lifecycle.js:255:16)
14 verbose stack     at emitTwo (events.js:106:13)
14 verbose stack     at EventEmitter.emit (events.js:191:7)
14 verbose stack     at ChildProcess.<anonymous> (C:\Program Files\nodejs\node_modules\npm\lib\utils\spawn.js:40:14)
14 verbose stack     at emitTwo (events.js:106:13)
14 verbose stack     at ChildProcess.emit (events.js:191:7)
14 verbose stack     at maybeClose (internal/child_process.js:891:16)
14 verbose stack     at Process.ChildProcess._handle.onexit (internal/child_process.js:226:5)
15 verbose pkgid the-node-skeleton@1.1.0
16 verbose cwd D:\projects\wonobo\the-node-skeleton
17 error Windows_NT 10.0.15063
18 error argv "C:\\Program Files\\nodejs\\node.exe" "C:\\Program Files\\nodejs\\node_modules\\npm\\bin\\npm-cli.js" "run" "dev"
19 error node v6.11.2
20 error npm  v3.10.10
21 error code ELIFECYCLE
22 error the-node-skeleton@1.1.0 dev: `export NODE_ENV=development && echo 'Node environment set to development' && nodemon index.js && exit 0`
22 error Exit status 1
23 error Failed at the the-node-skeleton@1.1.0 dev script 'export NODE_ENV=development && echo 'Node environment set to development' && nodemon index.js && exit 0'.
23 error Make sure you have the latest version of node.js and npm installed.
23 error If you do, this is most likely a problem with the the-node-skeleton package,
23 error not with npm itself.
23 error Tell the author that this fails on your system:
23 error     export NODE_ENV=development && echo 'Node environment set to development' && nodemon index.js && exit 0
23 error You can get information on how to open an issue for this project with:
23 error     npm bugs the-node-skeleton
23 error Or if that isn't available, you can get their info via:
23 error     npm owner ls the-node-skeleton
23 error There is likely additional logging output above.
24 verbose exit [ 1, true ]
